<?xml version="1.0" encoding="UTF-8"?>
<!-- Generated by org.testng.reporters.JUnitReportReporter -->
<testsuite hostname="LAPTOP-G2HUCADO" failures="0" tests="1" name="TestNg.Adminlocations" time="76.280" errors="0" timestamp="2023-02-22T19:08:49 IST" skipped="0">
  <testcase classname="TestNg.Adminlocations" name="locations" time="76.280"/>
  <system-out/>
</testsuite> <!-- TestNg.Adminlocations -->
