<?xml version="1.0" encoding="UTF-8"?>
<!-- Generated by org.testng.reporters.JUnitReportReporter -->
<testsuite hostname="LAPTOP-G2HUCADO" failures="0" tests="1" name="TestNg.Performance" time="21.196" errors="0" timestamp="2023-02-22T09:21:21 IST" skipped="0">
  <testcase classname="TestNg.Performance" name="performanceclick" time="21.196"/>
  <system-out/>
</testsuite> <!-- TestNg.Performance -->
