<?xml version="1.0" encoding="UTF-8"?>
<!-- Generated by org.testng.reporters.JUnitReportReporter -->
<testsuite hostname="LAPTOP-G2HUCADO" failures="0" tests="1" name="TestNg.Admin" time="14.358" errors="0" timestamp="2023-02-21T21:04:45 IST" skipped="0">
  <testcase classname="TestNg.Admin" name="AdminAdd" time="14.358"/>
  <system-out/>
</testsuite> <!-- TestNg.Admin -->
