<?xml version="1.0" encoding="UTF-8"?>
<!-- Generated by org.testng.reporters.JUnitReportReporter -->
<testsuite hostname="LAPTOP-G2HUCADO" failures="0" tests="1" name="TestNg.Validatetitle" time="19.525" errors="0" timestamp="2023-02-21T11:23:11 IST" skipped="0">
  <testcase classname="TestNg.Validatetitle" name="validatetitleTest" time="19.525"/>
  <system-out/>
</testsuite> <!-- TestNg.Validatetitle -->
