<?xml version="1.0" encoding="UTF-8"?>
<!-- Generated by org.testng.reporters.JUnitReportReporter -->
<testsuite hostname="LAPTOP-G2HUCADO" failures="0" tests="1" name="TestNg.LoginOrangeHrm" time="30.403" errors="0" timestamp="2023-03-02T19:45:54 IST" skipped="0">
  <testcase classname="TestNg.LoginOrangeHrm" name="validateLogin" time="30.403"/>
  <system-out/>
</testsuite> <!-- TestNg.LoginOrangeHrm -->
