<?xml version="1.0" encoding="UTF-8"?>
<!-- Generated by org.testng.reporters.JUnitReportReporter -->
<testsuite hostname="LAPTOP-G2HUCADO" failures="0" tests="1" name="TestNg.InvalidCredentials" time="51.524" errors="0" timestamp="2023-02-21T11:47:30 IST" skipped="0">
  <testcase classname="TestNg.InvalidCredentials" name="Invalidcredentials" time="51.524"/>
  <system-out/>
</testsuite> <!-- TestNg.InvalidCredentials -->
