<?xml version="1.0" encoding="UTF-8"?>
<!-- Generated by org.testng.reporters.JUnitReportReporter -->
<testsuite hostname="LAPTOP-G2HUCADO" failures="0" tests="1" name="TestNg.AdminLogout" time="19.615" errors="0" timestamp="2023-02-22T20:59:08 IST" skipped="0">
  <testcase classname="TestNg.AdminLogout" name="logout" time="19.615"/>
  <system-out/>
</testsuite> <!-- TestNg.AdminLogout -->
