<?xml version="1.0" encoding="UTF-8"?>
<!-- Generated by org.testng.reporters.JUnitReportReporter -->
<testsuite hostname="LAPTOP-G2HUCADO" failures="0" tests="1" name="TestNg.ConfigureDropdown" time="64.974" errors="0" timestamp="2023-02-22T10:55:45 IST" skipped="0">
  <testcase classname="TestNg.ConfigureDropdown" name="Dropdown" time="64.974"/>
  <system-out/>
</testsuite> <!-- TestNg.ConfigureDropdown -->
