<?xml version="1.0" encoding="UTF-8"?>
<!-- Generated by org.testng.reporters.JUnitReportReporter -->
<testsuite hostname="LAPTOP-G2HUCADO" failures="0" tests="1" name="TestNg.MyAction" time="14.397" errors="0" timestamp="2023-02-22T20:52:57 IST" skipped="0">
  <testcase classname="TestNg.MyAction" name="myaction" time="14.397"/>
  <system-out/>
</testsuite> <!-- TestNg.MyAction -->
