<?xml version="1.0" encoding="UTF-8"?>
<!-- Generated by org.testng.reporters.JUnitReportReporter -->
<testsuite hostname="LAPTOP-G2HUCADO" failures="0" tests="1" name="TestNg.Configure" time="101.368" errors="0" timestamp="2023-02-22T09:47:08 IST" skipped="0">
  <testcase classname="TestNg.Configure" name="performanceConfigure" time="101.368"/>
  <system-out/>
</testsuite> <!-- TestNg.Configure -->
