<?xml version="1.0" encoding="UTF-8"?>
<!-- Generated by org.testng.reporters.JUnitReportReporter -->
<testsuite hostname="LAPTOP-G2HUCADO" failures="0" tests="1" name="TestNg.Quicklaunch" time="10.734" errors="0" timestamp="2023-02-22T19:36:09 IST" skipped="0">
  <testcase classname="TestNg.Quicklaunch" name="QuickLaunch" time="10.734"/>
  <system-out/>
</testsuite> <!-- TestNg.Quicklaunch -->
