<?xml version="1.0" encoding="UTF-8"?>
<!-- Generated by org.testng.reporters.JUnitReportReporter -->
<testsuite hostname="LAPTOP-G2HUCADO" failures="0" tests="1" name="TestNg.Searchbar" time="10.966" errors="0" timestamp="2023-02-22T19:24:56 IST" skipped="0">
  <testcase classname="TestNg.Searchbar" name="Search" time="10.966"/>
  <system-out/>
</testsuite> <!-- TestNg.Searchbar -->
